<?xml version="1.0" encoding="UTF-8"?>
<testsuite name="GoogleHomeTest" tests="2" skipped="0" failures="0" errors="0" timestamp="2023-01-21T10:32:14" hostname="c02z64rulvdr.corp.instructure.com" time="1.075">
  <properties/>
  <testcase name="openGoogleHomeScreen2Test()" classname="GoogleHomeTest" time="0.632"/>
  <testcase name="openGoogleHomeScreenTest()" classname="GoogleHomeTest" time="0.443"/>
  <system-out><![CDATA[]]></system-out>
  <system-err><![CDATA[SLF4J: Failed to load class "org.slf4j.impl.StaticLoggerBinder".
SLF4J: Defaulting to no-operation (NOP) logger implementation
SLF4J: See http://www.slf4j.org/codes.html#StaticLoggerBinder for further details.
Starting ChromeDriver 109.0.5414.74 (e7c5703604daa9cc128ccf5a5d3e993513758913-refs/branch-heads/5414@{#1172}) on port 2564
Only local connections are allowed.
Please see https://chromedriver.chromium.org/security-considerations for suggestions on keeping ChromeDriver safe.
ChromeDriver was started successfully.
Jan 21, 2023 11:32:14 AM org.openqa.selenium.devtools.CdpVersionFinder findNearestMatch
WARNING: Unable to find an exact match for CDP version 109, so returning the closest version found: 108
]]></system-err>
</testsuite>
